app/build/intermediates/manifest_merge_blame_file/debug/manifest-merger-blame-debug-report.txt
1<?xml version="1.0" encoding="utf-8"?>
2<manifest xmlns:android="http://schemas.android.com/apk/res/android"
3    package="com.google.firebase.udacity.friendlychat"
4    android:versionCode="1"
5    android:versionName="1.0" >
6
7    <uses-sdk
8        android:minSdkVersion="16"
8-->src/main/AndroidManifest.xml
9        android:targetSdkVersion="30" />
9-->src/main/AndroidManifest.xml
10
11    <uses-permission android:name="android.permission.ACCESS_NETWORK_STATE" />
11-->[com.firebaseui:firebase-ui-auth:3.3.1] AndroidManifest.xml:12:5-79
11-->[com.firebaseui:firebase-ui-auth:3.3.1] AndroidManifest.xml:12:22-76
12    <uses-permission android:name="android.permission.INTERNET" />
12-->[com.firebaseui:firebase-ui-auth:3.3.1] AndroidManifest.xml:13:5-67
12-->[com.firebaseui:firebase-ui-auth:3.3.1] AndroidManifest.xml:13:22-64
13    <uses-permission android:name="android.permission.WAKE_LOCK" /> <!-- Required by older versions of Google Play services to create IID tokens -->
13-->[com.google.firebase:firebase-iid:21.0.1] AndroidManifest.xml:24:5-68
13-->[com.google.firebase:firebase-iid:21.0.1] AndroidManifest.xml:24:22-65
14    <uses-permission android:name="com.google.android.c2dm.permission.RECEIVE" />
14-->[com.google.firebase:firebase-iid:21.0.1] AndroidManifest.xml:26:5-82
14-->[com.google.firebase:firebase-iid:21.0.1] AndroidManifest.xml:26:22-79
15    <uses-permission android:name="com.google.android.finsky.permission.BIND_GET_INSTALL_REFERRER_SERVICE" />
15-->[com.google.android.gms:play-services-measurement:18.0.1] AndroidManifest.xml:26:5-110
15-->[com.google.android.gms:play-services-measurement:18.0.1] AndroidManifest.xml:26:22-107
16
17    <application
17-->src/main/AndroidManifest.xml:5:5-29:19
18        android:allowBackup="true"
18-->src/main/AndroidManifest.xml:6:9-35
19        android:appComponentFactory="androidx.core.app.CoreComponentFactory"
19-->[androidx.core:core:1.3.1] AndroidManifest.xml:24:18-86
20        android:debuggable="true"
21        android:icon="@mipmap/ic_launcher"
21-->src/main/AndroidManifest.xml:7:9-43
22        android:label="@string/app_name"
22-->src/main/AndroidManifest.xml:8:9-41
23        android:supportsRtl="true"
23-->src/main/AndroidManifest.xml:9:9-35
24        android:theme="@style/AppTheme" >
24-->src/main/AndroidManifest.xml:10:9-40
25        <activity
25-->src/main/AndroidManifest.xml:11:9-85
26            android:name="com.google.firebase.udacity.friendlychat.NavActivity"
26-->src/main/AndroidManifest.xml:11:19-46
27            android:label="Navigation" />
27-->src/main/AndroidManifest.xml:11:47-73
28        <activity android:name="com.google.firebase.udacity.friendlychat.markactivity" />
28-->src/main/AndroidManifest.xml:12:9-50
28-->src/main/AndroidManifest.xml:12:19-47
29        <activity
29-->src/main/AndroidManifest.xml:13:9-15:36
30            android:name="com.google.firebase.udacity.friendlychat.QuizActivity"
30-->src/main/AndroidManifest.xml:14:13-41
31            android:label="Quiz" />
31-->src/main/AndroidManifest.xml:15:13-33
32        <activity
32-->src/main/AndroidManifest.xml:16:9-18:37
33            android:name="com.google.firebase.udacity.friendlychat.myapplication"
33-->src/main/AndroidManifest.xml:17:13-42
34            android:label="Polls" />
34-->src/main/AndroidManifest.xml:18:13-34
35        <activity
35-->src/main/AndroidManifest.xml:19:9-27:20
36            android:name="com.google.firebase.udacity.friendlychat.SecondActivity"
36-->src/main/AndroidManifest.xml:20:13-43
37            android:label="Assessor" >
37-->src/main/AndroidManifest.xml:21:13-37
38            <intent-filter>
38-->src/main/AndroidManifest.xml:22:13-26:29
39                <action android:name="android.intent.action.MAIN" />
39-->src/main/AndroidManifest.xml:23:17-69
39-->src/main/AndroidManifest.xml:23:25-66
40
41                <category android:name="android.intent.category.LAUNCHER" />
41-->src/main/AndroidManifest.xml:25:17-77
41-->src/main/AndroidManifest.xml:25:27-74
42            </intent-filter>
43        </activity>
44        <activity android:name="com.google.firebase.udacity.friendlychat.MainActivity" />
44-->src/main/AndroidManifest.xml:28:9-50
44-->src/main/AndroidManifest.xml:28:19-47
45
46        <meta-data
46-->[com.firebaseui:firebase-ui-auth:3.3.1] AndroidManifest.xml:16:9-18:69
47            android:name="com.google.android.gms.version"
47-->[com.firebaseui:firebase-ui-auth:3.3.1] AndroidManifest.xml:17:13-58
48            android:value="@integer/google_play_services_version" />
48-->[com.firebaseui:firebase-ui-auth:3.3.1] AndroidManifest.xml:18:13-66
49        <meta-data
49-->[com.firebaseui:firebase-ui-auth:3.3.1] AndroidManifest.xml:19:9-21:63
50            android:name="com.facebook.sdk.ApplicationId"
50-->[com.firebaseui:firebase-ui-auth:3.3.1] AndroidManifest.xml:20:13-58
51            android:value="@string/facebook_application_id" />
51-->[com.firebaseui:firebase-ui-auth:3.3.1] AndroidManifest.xml:21:13-60
52
53        <activity
53-->[com.firebaseui:firebase-ui-auth:3.3.1] AndroidManifest.xml:23:9-27:61
54            android:name="com.firebase.ui.auth.KickoffActivity"
54-->[com.firebaseui:firebase-ui-auth:3.3.1] AndroidManifest.xml:24:13-64
55            android:exported="false"
55-->[com.firebaseui:firebase-ui-auth:3.3.1] AndroidManifest.xml:25:13-37
56            android:label=""
56-->[com.firebaseui:firebase-ui-auth:3.3.1] AndroidManifest.xml:26:13-29
57            android:theme="@style/FirebaseUI.Transparent" />
57-->[com.firebaseui:firebase-ui-auth:3.3.1] AndroidManifest.xml:27:13-58
58        <activity
58-->[com.firebaseui:firebase-ui-auth:3.3.1] AndroidManifest.xml:28:9-32:61
59            android:name="com.firebase.ui.auth.ui.idp.SingleSignInActivity"
59-->[com.firebaseui:firebase-ui-auth:3.3.1] AndroidManifest.xml:29:13-76
60            android:exported="false"
60-->[com.firebaseui:firebase-ui-auth:3.3.1] AndroidManifest.xml:30:13-37
61            android:label=""
61-->[com.firebaseui:firebase-ui-auth:3.3.1] AndroidManifest.xml:31:13-29
62            android:theme="@style/FirebaseUI.Transparent" />
62-->[com.firebaseui:firebase-ui-auth:3.3.1] AndroidManifest.xml:32:13-58
63        <activity
63-->[com.firebaseui:firebase-ui-auth:3.3.1] AndroidManifest.xml:33:9-37:58
64            android:name="com.firebase.ui.auth.ui.email.RecoverPasswordActivity"
64-->[com.firebaseui:firebase-ui-auth:3.3.1] AndroidManifest.xml:34:13-81
65            android:exported="false"
65-->[com.firebaseui:firebase-ui-auth:3.3.1] AndroidManifest.xml:35:13-37
66            android:label="@string/fui_title_recover_password_activity"
66-->[com.firebaseui:firebase-ui-auth:3.3.1] AndroidManifest.xml:36:13-72
67            android:windowSoftInputMode="adjustResize" />
67-->[com.firebaseui:firebase-ui-auth:3.3.1] AndroidManifest.xml:37:13-55
68        <activity
68-->[com.firebaseui:firebase-ui-auth:3.3.1] AndroidManifest.xml:38:9-42:58
69            android:name="com.firebase.ui.auth.ui.email.EmailActivity"
69-->[com.firebaseui:firebase-ui-auth:3.3.1] AndroidManifest.xml:39:13-71
70            android:exported="false"
70-->[com.firebaseui:firebase-ui-auth:3.3.1] AndroidManifest.xml:40:13-37
71            android:label="@string/fui_sign_in_default"
71-->[com.firebaseui:firebase-ui-auth:3.3.1] AndroidManifest.xml:41:13-56
72            android:windowSoftInputMode="adjustResize" />
72-->[com.firebaseui:firebase-ui-auth:3.3.1] AndroidManifest.xml:42:13-55
73        <activity
73-->[com.firebaseui:firebase-ui-auth:3.3.1] AndroidManifest.xml:43:9-47:77
74            android:name="com.firebase.ui.auth.ui.phone.PhoneActivity"
74-->[com.firebaseui:firebase-ui-auth:3.3.1] AndroidManifest.xml:44:13-71
75            android:exported="false"
75-->[com.firebaseui:firebase-ui-auth:3.3.1] AndroidManifest.xml:45:13-37
76            android:label="@string/fui_sign_in_with_phone_number"
76-->[com.firebaseui:firebase-ui-auth:3.3.1] AndroidManifest.xml:46:13-66
77            android:windowSoftInputMode="adjustResize|stateAlwaysVisible" />
77-->[com.firebaseui:firebase-ui-auth:3.3.1] AndroidManifest.xml:47:13-74
78        <activity
78-->[com.firebaseui:firebase-ui-auth:3.3.1] AndroidManifest.xml:48:9-52:58
79            android:name="com.firebase.ui.auth.ui.idp.WelcomeBackIdpPrompt"
79-->[com.firebaseui:firebase-ui-auth:3.3.1] AndroidManifest.xml:49:13-76
80            android:exported="false"
80-->[com.firebaseui:firebase-ui-auth:3.3.1] AndroidManifest.xml:50:13-37
81            android:label="@string/fui_title_welcome_back_idp_prompt"
81-->[com.firebaseui:firebase-ui-auth:3.3.1] AndroidManifest.xml:51:13-70
82            android:windowSoftInputMode="adjustResize" />
82-->[com.firebaseui:firebase-ui-auth:3.3.1] AndroidManifest.xml:52:13-55
83        <activity
83-->[com.firebaseui:firebase-ui-auth:3.3.1] AndroidManifest.xml:53:9-57:58
84            android:name="com.firebase.ui.auth.ui.email.WelcomeBackPasswordPrompt"
84-->[com.firebaseui:firebase-ui-auth:3.3.1] AndroidManifest.xml:54:13-83
85            android:exported="false"
85-->[com.firebaseui:firebase-ui-auth:3.3.1] AndroidManifest.xml:55:13-37
86            android:label="@string/fui_title_welcome_back_password_prompt"
86-->[com.firebaseui:firebase-ui-auth:3.3.1] AndroidManifest.xml:56:13-75
87            android:windowSoftInputMode="adjustResize" />
87-->[com.firebaseui:firebase-ui-auth:3.3.1] AndroidManifest.xml:57:13-55
88        <activity
88-->[com.firebaseui:firebase-ui-auth:3.3.1] AndroidManifest.xml:58:9-61:65
89            android:name="com.firebase.ui.auth.ui.idp.AuthMethodPickerActivity"
89-->[com.firebaseui:firebase-ui-auth:3.3.1] AndroidManifest.xml:59:13-80
90            android:exported="false"
90-->[com.firebaseui:firebase-ui-auth:3.3.1] AndroidManifest.xml:60:13-37
91            android:label="@string/fui_default_toolbar_title" />
91-->[com.firebaseui:firebase-ui-auth:3.3.1] AndroidManifest.xml:61:13-62
92        <activity
92-->[com.firebaseui:firebase-ui-auth:3.3.1] AndroidManifest.xml:62:9-66:48
93            android:name="com.facebook.FacebookActivity"
93-->[com.firebaseui:firebase-ui-auth:3.3.1] AndroidManifest.xml:63:13-57
94            android:configChanges="keyboard|keyboardHidden|screenLayout|screenSize|orientation"
94-->[com.firebaseui:firebase-ui-auth:3.3.1] AndroidManifest.xml:64:13-96
95            android:label="@string/app_name" />
95-->[com.firebaseui:firebase-ui-auth:3.3.1] AndroidManifest.xml:65:13-45
96        <activity
96-->[com.firebaseui:firebase-ui-auth:3.3.1] AndroidManifest.xml:67:9-71:61
97            android:name="com.firebase.ui.auth.ui.credentials.CredentialSaveActivity"
97-->[com.firebaseui:firebase-ui-auth:3.3.1] AndroidManifest.xml:68:13-86
98            android:exported="false"
98-->[com.firebaseui:firebase-ui-auth:3.3.1] AndroidManifest.xml:69:13-37
99            android:label=""
99-->[com.firebaseui:firebase-ui-auth:3.3.1] AndroidManifest.xml:70:13-29
100            android:theme="@style/FirebaseUI.Transparent" />
100-->[com.firebaseui:firebase-ui-auth:3.3.1] AndroidManifest.xml:71:13-58
101        <activity
101-->[com.firebaseui:firebase-ui-auth:3.3.1] AndroidManifest.xml:72:9-84:20
102            android:name="com.facebook.CustomTabActivity"
102-->[com.firebaseui:firebase-ui-auth:3.3.1] AndroidManifest.xml:73:13-58
103            android:exported="true" >
103-->[com.firebaseui:firebase-ui-auth:3.3.1] AndroidManifest.xml:74:13-36
104            <intent-filter>
104-->[com.firebaseui:firebase-ui-auth:3.3.1] AndroidManifest.xml:76:13-83:29
105                <action android:name="android.intent.action.VIEW" />
105-->[com.firebaseui:firebase-ui-auth:3.3.1] AndroidManifest.xml:77:17-69
105-->[com.firebaseui:firebase-ui-auth:3.3.1] AndroidManifest.xml:77:25-66
106
107                <category android:name="android.intent.category.DEFAULT" />
107-->[com.firebaseui:firebase-ui-auth:3.3.1] AndroidManifest.xml:79:17-76
107-->[com.firebaseui:firebase-ui-auth:3.3.1] AndroidManifest.xml:79:27-73
108                <category android:name="android.intent.category.BROWSABLE" />
108-->[com.firebaseui:firebase-ui-auth:3.3.1] AndroidManifest.xml:80:17-78
108-->[com.firebaseui:firebase-ui-auth:3.3.1] AndroidManifest.xml:80:27-75
109
110                <data android:scheme="@string/facebook_login_protocol_scheme" />
110-->[com.firebaseui:firebase-ui-auth:3.3.1] AndroidManifest.xml:82:17-81
110-->[com.firebaseui:firebase-ui-auth:3.3.1] AndroidManifest.xml:82:23-78
111            </intent-filter>
112        </activity>
113
114        <provider
114-->[com.firebaseui:firebase-ui-auth:3.3.1] AndroidManifest.xml:86:9-90:38
115            android:name="com.firebase.ui.auth.data.client.AuthUiInitProvider"
115-->[com.firebaseui:firebase-ui-auth:3.3.1] AndroidManifest.xml:87:13-79
116            android:authorities="com.google.firebase.udacity.friendlychat.authuiinitprovider"
116-->[com.firebaseui:firebase-ui-auth:3.3.1] AndroidManifest.xml:88:13-70
117            android:exported="false"
117-->[com.firebaseui:firebase-ui-auth:3.3.1] AndroidManifest.xml:89:13-37
118            android:initOrder="90" />
118-->[com.firebaseui:firebase-ui-auth:3.3.1] AndroidManifest.xml:90:13-35
119
120        <service
120-->[com.google.firebase:firebase-database-ktx:19.6.0] AndroidManifest.xml:12:9-18:19
121            android:name="com.google.firebase.components.ComponentDiscoveryService"
121-->[com.google.firebase:firebase-database-ktx:19.6.0] AndroidManifest.xml:13:13-84
122            android:directBootAware="true"
122-->[com.google.firebase:firebase-common:19.5.0] AndroidManifest.xml:35:13-43
123            android:exported="false" >
123-->[com.google.firebase:firebase-database-ktx:19.6.0] AndroidManifest.xml:14:13-37
124            <meta-data
124-->[com.google.firebase:firebase-database-ktx:19.6.0] AndroidManifest.xml:15:13-17:85
125                android:name="com.google.firebase.components:com.google.firebase.database.ktx.FirebaseDatabaseKtxRegistrar"
125-->[com.google.firebase:firebase-database-ktx:19.6.0] AndroidManifest.xml:16:17-124
126                android:value="com.google.firebase.components.ComponentRegistrar" />
126-->[com.google.firebase:firebase-database-ktx:19.6.0] AndroidManifest.xml:17:17-82
127            <meta-data
127-->[com.google.firebase:firebase-storage:19.2.1] AndroidManifest.xml:33:13-35:85
128                android:name="com.google.firebase.components:com.google.firebase.storage.StorageRegistrar"
128-->[com.google.firebase:firebase-storage:19.2.1] AndroidManifest.xml:34:17-107
129                android:value="com.google.firebase.components.ComponentRegistrar" />
129-->[com.google.firebase:firebase-storage:19.2.1] AndroidManifest.xml:35:17-82
130            <meta-data
130-->[com.google.firebase:firebase-messaging:21.0.1] AndroidManifest.xml:39:13-41:85
131                android:name="com.google.firebase.components:com.google.firebase.messaging.FirebaseMessagingRegistrar"
131-->[com.google.firebase:firebase-messaging:21.0.1] AndroidManifest.xml:40:17-119
132                android:value="com.google.firebase.components.ComponentRegistrar" />
132-->[com.google.firebase:firebase-messaging:21.0.1] AndroidManifest.xml:41:17-82
133            <meta-data
133-->[com.google.firebase:firebase-datatransport:17.0.10] AndroidManifest.xml:28:13-30:85
134                android:name="com.google.firebase.components:com.google.firebase.datatransport.TransportRegistrar"
134-->[com.google.firebase:firebase-datatransport:17.0.10] AndroidManifest.xml:29:17-115
135                android:value="com.google.firebase.components.ComponentRegistrar" />
135-->[com.google.firebase:firebase-datatransport:17.0.10] AndroidManifest.xml:30:17-82
136            <meta-data
136-->[com.google.firebase:firebase-auth:20.0.2] AndroidManifest.xml:77:13-79:85
137                android:name="com.google.firebase.components:com.google.firebase.auth.FirebaseAuthRegistrar"
137-->[com.google.firebase:firebase-auth:20.0.2] AndroidManifest.xml:78:17-109
138                android:value="com.google.firebase.components.ComponentRegistrar" />
138-->[com.google.firebase:firebase-auth:20.0.2] AndroidManifest.xml:79:17-82
139            <meta-data
139-->[com.google.firebase:firebase-iid:21.0.1] AndroidManifest.xml:32:13-34:85
140                android:name="com.google.firebase.components:com.google.firebase.iid.Registrar"
140-->[com.google.firebase:firebase-iid:21.0.1] AndroidManifest.xml:33:17-96
141                android:value="com.google.firebase.components.ComponentRegistrar" />
141-->[com.google.firebase:firebase-iid:21.0.1] AndroidManifest.xml:34:17-82
142            <meta-data
142-->[com.google.firebase:firebase-common-ktx:19.5.0] AndroidManifest.xml:15:13-17:85
143                android:name="com.google.firebase.components:com.google.firebase.ktx.FirebaseCommonKtxRegistrar"
143-->[com.google.firebase:firebase-common-ktx:19.5.0] AndroidManifest.xml:16:17-113
144                android:value="com.google.firebase.components.ComponentRegistrar" />
144-->[com.google.firebase:firebase-common-ktx:19.5.0] AndroidManifest.xml:17:17-82
145            <meta-data
145-->[com.google.firebase:firebase-database:19.6.0] AndroidManifest.xml:32:13-34:85
146                android:name="com.google.firebase.components:com.google.firebase.database.DatabaseRegistrar"
146-->[com.google.firebase:firebase-database:19.6.0] AndroidManifest.xml:33:17-109
147                android:value="com.google.firebase.components.ComponentRegistrar" />
147-->[com.google.firebase:firebase-database:19.6.0] AndroidManifest.xml:34:17-82
148            <meta-data
148-->[com.google.android.gms:play-services-measurement-api:18.0.1] AndroidManifest.xml:30:13-32:85
149                android:name="com.google.firebase.components:com.google.firebase.analytics.connector.internal.AnalyticsConnectorRegistrar"
149-->[com.google.android.gms:play-services-measurement-api:18.0.1] AndroidManifest.xml:31:17-139
150                android:value="com.google.firebase.components.ComponentRegistrar" />
150-->[com.google.android.gms:play-services-measurement-api:18.0.1] AndroidManifest.xml:32:17-82
151            <meta-data
151-->[com.google.firebase:firebase-installations:16.3.5] AndroidManifest.xml:18:13-20:85
152                android:name="com.google.firebase.components:com.google.firebase.installations.FirebaseInstallationsRegistrar"
152-->[com.google.firebase:firebase-installations:16.3.5] AndroidManifest.xml:19:17-127
153                android:value="com.google.firebase.components.ComponentRegistrar" />
153-->[com.google.firebase:firebase-installations:16.3.5] AndroidManifest.xml:20:17-82
154            <!--
155                This registrar is not defined in the dynamic-module-support sdk itself to allow non-firebase
156                clients to use it as well, by defining this registrar in their own core/common library.
157            -->
158            <meta-data
158-->[com.google.firebase:firebase-common:19.5.0] AndroidManifest.xml:43:13-45:85
159                android:name="com.google.firebase.components:com.google.firebase.dynamicloading.DynamicLoadingRegistrar"
159-->[com.google.firebase:firebase-common:19.5.0] AndroidManifest.xml:44:17-121
160                android:value="com.google.firebase.components.ComponentRegistrar" />
160-->[com.google.firebase:firebase-common:19.5.0] AndroidManifest.xml:45:17-82
161        </service>
162        <!--
163             FirebaseMessagingService performs security checks at runtime,
164             but set to not exported to explicitly avoid allowing another app to call it.
165        -->
166        <service
166-->[com.google.firebase:firebase-messaging:21.0.1] AndroidManifest.xml:28:9-35:19
167            android:name="com.google.firebase.messaging.FirebaseMessagingService"
167-->[com.google.firebase:firebase-messaging:21.0.1] AndroidManifest.xml:29:13-82
168            android:directBootAware="true"
168-->[com.google.firebase:firebase-messaging:21.0.1] AndroidManifest.xml:30:13-43
169            android:exported="false" >
169-->[com.google.firebase:firebase-messaging:21.0.1] AndroidManifest.xml:31:13-37
170            <intent-filter android:priority="-500" >
170-->[com.google.firebase:firebase-messaging:21.0.1] AndroidManifest.xml:32:13-34:29
170-->[com.google.firebase:firebase-messaging:21.0.1] AndroidManifest.xml:32:28-51
171                <action android:name="com.google.firebase.MESSAGING_EVENT" />
171-->[com.google.firebase:firebase-messaging:21.0.1] AndroidManifest.xml:33:17-78
171-->[com.google.firebase:firebase-messaging:21.0.1] AndroidManifest.xml:33:25-75
172            </intent-filter>
173        </service>
174        <service
174-->[com.google.android.datatransport:transport-backend-cct:2.3.3] AndroidManifest.xml:29:9-35:19
175            android:name="com.google.android.datatransport.runtime.backends.TransportBackendDiscovery"
175-->[com.google.android.datatransport:transport-backend-cct:2.3.3] AndroidManifest.xml:30:13-103
176            android:exported="false" >
176-->[com.google.android.datatransport:transport-backend-cct:2.3.3] AndroidManifest.xml:31:13-37
177            <meta-data
177-->[com.google.android.datatransport:transport-backend-cct:2.3.3] AndroidManifest.xml:32:13-34:39
178                android:name="backend:com.google.android.datatransport.cct.CctBackendFactory"
178-->[com.google.android.datatransport:transport-backend-cct:2.3.3] AndroidManifest.xml:33:17-94
179                android:value="cct" />
179-->[com.google.android.datatransport:transport-backend-cct:2.3.3] AndroidManifest.xml:34:17-36
180        </service>
181
182        <activity
182-->[com.google.firebase:firebase-auth:20.0.2] AndroidManifest.xml:27:9-44:20
183            android:name="com.google.firebase.auth.internal.GenericIdpActivity"
183-->[com.google.firebase:firebase-auth:20.0.2] AndroidManifest.xml:28:13-80
184            android:excludeFromRecents="true"
184-->[com.google.firebase:firebase-auth:20.0.2] AndroidManifest.xml:29:13-46
185            android:exported="true"
185-->[com.google.firebase:firebase-auth:20.0.2] AndroidManifest.xml:30:13-36
186            android:launchMode="singleTask"
186-->[com.google.firebase:firebase-auth:20.0.2] AndroidManifest.xml:31:13-44
187            android:theme="@android:style/Theme.Translucent.NoTitleBar" >
187-->[com.google.firebase:firebase-auth:20.0.2] AndroidManifest.xml:32:13-72
188            <intent-filter>
188-->[com.google.firebase:firebase-auth:20.0.2] AndroidManifest.xml:33:13-43:29
189                <action android:name="android.intent.action.VIEW" />
189-->[com.firebaseui:firebase-ui-auth:3.3.1] AndroidManifest.xml:77:17-69
189-->[com.firebaseui:firebase-ui-auth:3.3.1] AndroidManifest.xml:77:25-66
190
191                <category android:name="android.intent.category.DEFAULT" />
191-->[com.firebaseui:firebase-ui-auth:3.3.1] AndroidManifest.xml:79:17-76
191-->[com.firebaseui:firebase-ui-auth:3.3.1] AndroidManifest.xml:79:27-73
192                <category android:name="android.intent.category.BROWSABLE" />
192-->[com.firebaseui:firebase-ui-auth:3.3.1] AndroidManifest.xml:80:17-78
192-->[com.firebaseui:firebase-ui-auth:3.3.1] AndroidManifest.xml:80:27-75
193
194                <data
194-->[com.firebaseui:firebase-ui-auth:3.3.1] AndroidManifest.xml:82:17-81
195                    android:host="firebase.auth"
196                    android:path="/"
197                    android:scheme="genericidp" />
197-->[com.firebaseui:firebase-ui-auth:3.3.1] AndroidManifest.xml:82:23-78
198            </intent-filter>
199        </activity>
200        <activity
200-->[com.google.firebase:firebase-auth:20.0.2] AndroidManifest.xml:45:9-62:20
201            android:name="com.google.firebase.auth.internal.RecaptchaActivity"
201-->[com.google.firebase:firebase-auth:20.0.2] AndroidManifest.xml:46:13-79
202            android:excludeFromRecents="true"
202-->[com.google.firebase:firebase-auth:20.0.2] AndroidManifest.xml:47:13-46
203            android:exported="true"
203-->[com.google.firebase:firebase-auth:20.0.2] AndroidManifest.xml:48:13-36
204            android:launchMode="singleTask"
204-->[com.google.firebase:firebase-auth:20.0.2] AndroidManifest.xml:49:13-44
205            android:theme="@android:style/Theme.Translucent.NoTitleBar" >
205-->[com.google.firebase:firebase-auth:20.0.2] AndroidManifest.xml:50:13-72
206            <intent-filter>
206-->[com.google.firebase:firebase-auth:20.0.2] AndroidManifest.xml:51:13-61:29
207                <action android:name="android.intent.action.VIEW" />
207-->[com.firebaseui:firebase-ui-auth:3.3.1] AndroidManifest.xml:77:17-69
207-->[com.firebaseui:firebase-ui-auth:3.3.1] AndroidManifest.xml:77:25-66
208
209                <category android:name="android.intent.category.DEFAULT" />
209-->[com.firebaseui:firebase-ui-auth:3.3.1] AndroidManifest.xml:79:17-76
209-->[com.firebaseui:firebase-ui-auth:3.3.1] AndroidManifest.xml:79:27-73
210                <category android:name="android.intent.category.BROWSABLE" />
210-->[com.firebaseui:firebase-ui-auth:3.3.1] AndroidManifest.xml:80:17-78
210-->[com.firebaseui:firebase-ui-auth:3.3.1] AndroidManifest.xml:80:27-75
211
212                <data
212-->[com.firebaseui:firebase-ui-auth:3.3.1] AndroidManifest.xml:82:17-81
213                    android:host="firebase.auth"
214                    android:path="/"
215                    android:scheme="recaptcha" />
215-->[com.firebaseui:firebase-ui-auth:3.3.1] AndroidManifest.xml:82:23-78
216            </intent-filter>
217        </activity>
218
219        <service
219-->[com.google.firebase:firebase-auth:20.0.2] AndroidManifest.xml:64:9-73:19
220            android:name="com.google.firebase.auth.api.fallback.service.FirebaseAuthFallbackService"
220-->[com.google.firebase:firebase-auth:20.0.2] AndroidManifest.xml:65:13-101
221            android:enabled="true"
221-->[com.google.firebase:firebase-auth:20.0.2] AndroidManifest.xml:66:13-35
222            android:exported="false" >
222-->[com.google.firebase:firebase-auth:20.0.2] AndroidManifest.xml:67:13-37
223            <intent-filter>
223-->[com.google.firebase:firebase-auth:20.0.2] AndroidManifest.xml:68:13-72:29
224                <action android:name="com.google.firebase.auth.api.gms.service.START" />
224-->[com.google.firebase:firebase-auth:20.0.2] AndroidManifest.xml:69:17-89
224-->[com.google.firebase:firebase-auth:20.0.2] AndroidManifest.xml:69:25-86
225
226                <category android:name="android.intent.category.DEFAULT" />
226-->[com.firebaseui:firebase-ui-auth:3.3.1] AndroidManifest.xml:79:17-76
226-->[com.firebaseui:firebase-ui-auth:3.3.1] AndroidManifest.xml:79:27-73
227            </intent-filter>
228        </service>
229
230        <receiver
230-->[com.google.firebase:firebase-iid:21.0.1] AndroidManifest.xml:37:9-44:20
231            android:name="com.google.firebase.iid.FirebaseInstanceIdReceiver"
231-->[com.google.firebase:firebase-iid:21.0.1] AndroidManifest.xml:38:13-78
232            android:exported="true"
232-->[com.google.firebase:firebase-iid:21.0.1] AndroidManifest.xml:39:13-36
233            android:permission="com.google.android.c2dm.permission.SEND" >
233-->[com.google.firebase:firebase-iid:21.0.1] AndroidManifest.xml:40:13-73
234            <intent-filter>
234-->[com.google.firebase:firebase-iid:21.0.1] AndroidManifest.xml:41:13-43:29
235                <action android:name="com.google.android.c2dm.intent.RECEIVE" />
235-->[com.google.firebase:firebase-iid:21.0.1] AndroidManifest.xml:42:17-81
235-->[com.google.firebase:firebase-iid:21.0.1] AndroidManifest.xml:42:25-78
236            </intent-filter>
237        </receiver>
238
239        <provider
239-->[com.google.firebase:firebase-common:19.5.0] AndroidManifest.xml:26:9-31:39
240            android:name="com.google.firebase.provider.FirebaseInitProvider"
240-->[com.google.firebase:firebase-common:19.5.0] AndroidManifest.xml:27:13-77
241            android:authorities="com.google.firebase.udacity.friendlychat.firebaseinitprovider"
241-->[com.google.firebase:firebase-common:19.5.0] AndroidManifest.xml:28:13-72
242            android:directBootAware="true"
242-->[com.google.firebase:firebase-common:19.5.0] AndroidManifest.xml:29:13-43
243            android:exported="false"
243-->[com.google.firebase:firebase-common:19.5.0] AndroidManifest.xml:30:13-37
244            android:initOrder="100" />
244-->[com.google.firebase:firebase-common:19.5.0] AndroidManifest.xml:31:13-36
245
246        <activity
246-->[com.google.android.gms:play-services-auth:15.0.0] AndroidManifest.xml:23:9-27:75
247            android:name="com.google.android.gms.auth.api.signin.internal.SignInHubActivity"
247-->[com.google.android.gms:play-services-auth:15.0.0] AndroidManifest.xml:24:13-93
248            android:excludeFromRecents="true"
248-->[com.google.android.gms:play-services-auth:15.0.0] AndroidManifest.xml:25:13-46
249            android:exported="false"
249-->[com.google.android.gms:play-services-auth:15.0.0] AndroidManifest.xml:26:13-37
250            android:theme="@android:style/Theme.Translucent.NoTitleBar" />
250-->[com.google.android.gms:play-services-auth:15.0.0] AndroidManifest.xml:27:13-72
251        <!--
252            Service handling Google Sign-In user revocation. For apps that do not integrate with
253            Google Sign-In, this service will never be started.
254        -->
255        <service
255-->[com.google.android.gms:play-services-auth:15.0.0] AndroidManifest.xml:33:9-36:110
256            android:name="com.google.android.gms.auth.api.signin.RevocationBoundService"
256-->[com.google.android.gms:play-services-auth:15.0.0] AndroidManifest.xml:34:13-89
257            android:exported="true"
257-->[com.google.android.gms:play-services-auth:15.0.0] AndroidManifest.xml:35:13-36
258            android:permission="com.google.android.gms.auth.api.signin.permission.REVOCATION_NOTIFICATION" />
258-->[com.google.android.gms:play-services-auth:15.0.0] AndroidManifest.xml:36:13-107
259
260        <activity